<?xml version="1.0" encoding="UTF-8"?>
<testsuite name="in.saifali.MockUtilActionsTest" tests="1" skipped="0" failures="0" errors="0" timestamp="2019-02-24T17:52:07" hostname="full023-prt" time="0.001">
  <properties/>
  <testcase name="testConstructor" classname="in.saifali.MockUtilActionsTest" time="0.001"/>
  <system-out><![CDATA[]]></system-out>
  <system-err><![CDATA[]]></system-err>
</testsuite>
