<?xml version="1.0" encoding="UTF-8"?>
<testsuite name="in.saifali.MockUtilTest" tests="4" skipped="0" failures="0" errors="0" timestamp="2019-02-24T17:18:15" hostname="full023-prt" time="0.148">
  <properties/>
  <testcase name="getMockData_withKv" classname="in.saifali.MockUtilTest" time="0.135"/>
  <testcase name="getMockData_withList" classname="in.saifali.MockUtilTest" time="0.011"/>
  <testcase name="getMockData_withoutKvandList" classname="in.saifali.MockUtilTest" time="0.001"/>
  <testcase name="getStringCheck" classname="in.saifali.MockUtilTest" time="0.0"/>
  <system-out><![CDATA[]]></system-out>
  <system-err><![CDATA[]]></system-err>
</testsuite>
